#
# There is insufficient memory for the Java Runtime Environment to continue.
# Native memory allocation (malloc) failed to allocate 582448 bytes for Chunk::new
# Possible reasons:
#   The system is out of physical RAM or swap space
#   In 32 bit mode, the process size limit was hit
# Possible solutions:
#   Reduce memory load on the system
#   Increase physical memory or swap space
#   Check if swap backing store is full
#   Use 64 bit Java on a 64 bit OS
#   Decrease Java heap size (-Xmx/-Xms)
#   Decrease number of Java threads
#   Decrease Java thread stack sizes (-Xss)
#   Set larger code cache with -XX:ReservedCodeCacheSize=
# This output file may be truncated or incomplete.
#
#  Out of Memory Error (allocation.cpp:323), pid=5932, tid=7068
#
# JRE version: Java(TM) SE Runtime Environment (7.0_79-b15) (build 1.7.0_79-b15)
# Java VM: Java HotSpot(TM) 64-Bit Server VM (24.79-b02 mixed mode windows-amd64 compressed oops)
# Failed to write core dump. Minidumps are not enabled by default on client versions of Windows
#

---------------  T H R E A D  ---------------

Current thread (0x00000000086b4000):  JavaThread "C2 CompilerThread0" daemon [_thread_in_native, id=7068, stack(0x0000000009c60000,0x0000000009d60000)]

Stack: [0x0000000009c60000,0x0000000009d60000]
[error occurred during error reporting (printing stack bounds), id 0xc0000005]


Current CompileTask:
C2:   7174  273   !         com.android.dx.cf.code.BytecodeArray::parseInstruction (2764 bytes)


---------------  P R O C E S S  ---------------

Java Threads: ( => current thread )
  0x00000000086d1000 JavaThread "Service Thread" daemon [_thread_blocked, id=7336, stack(0x0000000009e60000,0x0000000009f60000)]
  0x00000000086c1000 JavaThread "C2 CompilerThread1" daemon [_thread_in_native, id=7144, stack(0x0000000009d60000,0x0000000009e60000)]
=>0x00000000086b4000 JavaThread "C2 CompilerThread0" daemon [_thread_in_native, id=7068, stack(0x0000000009c60000,0x0000000009d60000)]
  0x00000000086b3000 JavaThread "Attach Listener" daemon [_thread_blocked, id=4340, stack(0x0000000009b60000,0x0000000009c60000)]
  0x00000000086b0000 JavaThread "Signal Dispatcher" daemon [_thread_blocked, id=4952, stack(0x0000000009a60000,0x0000000009b60000)]
  0x000000000867f000 JavaThread "Finalizer" daemon [_thread_blocked, id=4944, stack(0x0000000009940000,0x0000000009a40000)]
  0x0000000008676000 JavaThread "Reference Handler" daemon [_thread_blocked, id=6148, stack(0x0000000009840000,0x0000000009940000)]
  0x0000000002720800 JavaThread "main" [_thread_in_Java, id=3344, stack(0x0000000002620000,0x0000000002720000)]

Other Threads:
  0x0000000008671800 VMThread [stack: 0x0000000009740000,0x0000000009840000] [id=5352]
  0x00000000086eb000 WatcherThread [stack: 0x0000000009f60000,0x000000000a060000] [id=1588]

VM state:not at safepoint (normal execution)

VM Mutex/Monitor currently owned by a thread: None

Heap
 PSYoungGen      total 18944K, used 2860K [0x00000000eaa80000, 0x00000000ecf80000, 0x0000000100000000)
  eden space 16384K, 1% used [0x00000000eaa80000,0x00000000eaad1b00,0x00000000eba80000)
  from space 2560K, 98% used [0x00000000eba80000,0x00000000ebcf98f8,0x00000000ebd00000)
  to   space 2560K, 0% used [0x00000000ecd00000,0x00000000ecd00000,0x00000000ecf80000)
 ParOldGen       total 42496K, used 6141K [0x00000000c0000000, 0x00000000c2980000, 0x00000000eaa80000)
  object space 42496K, 14% used [0x00000000c0000000,0x00000000c05ff540,0x00000000c2980000)
 PSPermGen       total 21504K, used 5638K [0x00000000bae00000, 0x00000000bc300000, 0x00000000c0000000)
  object space 21504K, 26% used [0x00000000bae00000,0x00000000bb3818f8,0x00000000bc300000)

Card table byte_map: [0x00000000058e0000,0x0000000005b10000] byte_map_base: 0x0000000005309000

Polling page: 0x0000000002580000

Code Cache  [0x0000000002820000, 0x0000000002a90000, 0x0000000005820000)
 total_blobs=541 nmethods=305 adapters=186 free_code_cache=47945Kb largest_free_block=49077184

Compilation events (10 events):
Event: 6.627 Thread 0x00000000086b4000 nmethod 271 0x0000000002918550 code [0x00000000029186c0, 0x0000000002918958]
Event: 6.627 Thread 0x00000000086c1000 nmethod 269 0x0000000002910290 code [0x0000000002910420, 0x0000000002910b38]
Event: 6.629 Thread 0x00000000086c1000  272             com.android.dx.cf.code.RopperMachine::jopToRopOpcode (1103 bytes)
Event: 6.641 Thread 0x00000000086b4000  273   !         com.android.dx.cf.code.BytecodeArray::parseInstruction (2764 bytes)
Event: 6.650 Thread 0x00000000086c1000 nmethod 272 0x000000000292b750 code [0x000000000292c0c0, 0x000000000292c9b8]
Event: 6.650 Thread 0x00000000086c1000  274             com.android.dx.cf.code.ByteOps::opInfo (6 bytes)
Event: 6.651 Thread 0x00000000086c1000 nmethod 274 0x0000000002902710 code [0x0000000002902840, 0x0000000002902898]
Event: 6.687 Thread 0x00000000086c1000  275             com.android.dx.ssa.SsaMethod::getExitBlock (26 bytes)
Event: 6.688 Thread 0x00000000086c1000 nmethod 275 0x0000000002911450 code [0x00000000029115a0, 0x0000000002911678]
Event: 6.689 Thread 0x00000000086c1000  276             com.android.dx.cf.code.Ropper::addExceptionSetupBlocks (203 bytes)

GC Heap History (4 events):
Event: 4.312 GC heap before
{Heap before GC invocations=1 (full 0):
 PSYoungGen      total 18944K, used 16384K [0x00000000eaa80000, 0x00000000ebf80000, 0x0000000100000000)
  eden space 16384K, 100% used [0x00000000eaa80000,0x00000000eba80000,0x00000000eba80000)
  from space 2560K, 0% used [0x00000000ebd00000,0x00000000ebd00000,0x00000000ebf80000)
  to   space 2560K, 0% used [0x00000000eba80000,0x00000000eba80000,0x00000000ebd00000)
 ParOldGen       total 42496K, used 0K [0x00000000c0000000, 0x00000000c2980000, 0x00000000eaa80000)
  object space 42496K, 0% used [0x00000000c0000000,0x00000000c0000000,0x00000000c2980000)
 PSPermGen       total 21504K, used 5428K [0x00000000bae00000, 0x00000000bc300000, 0x00000000c0000000)
  object space 21504K, 25% used [0x00000000bae00000,0x00000000bb34d3a0,0x00000000bc300000)
Event: 4.345 GC heap after
Heap after GC invocations=1 (full 0):
 PSYoungGen      total 18944K, used 2540K [0x00000000eaa80000, 0x00000000ebf80000, 0x0000000100000000)
  eden space 16384K, 0% used [0x00000000eaa80000,0x00000000eaa80000,0x00000000eba80000)
  from space 2560K, 99% used [0x00000000eba80000,0x00000000ebcfb0e0,0x00000000ebd00000)
  to   space 2560K, 0% used [0x00000000ebd00000,0x00000000ebd00000,0x00000000ebf80000)
 ParOldGen       total 42496K, used 1531K [0x00000000c0000000, 0x00000000c2980000, 0x00000000eaa80000)
  object space 42496K, 3% used [0x00000000c0000000,0x00000000c017ec58,0x00000000c2980000)
 PSPermGen       total 21504K, used 5428K [0x00000000bae00000, 0x00000000bc300000, 0x00000000c0000000)
  object space 21504K, 25% used [0x00000000bae00000,0x00000000bb34d3a0,0x00000000bc300000)
}
Event: 6.559 GC heap before
{Heap before GC invocations=2 (full 0):
 PSYoungGen      total 18944K, used 18924K [0x00000000eaa80000, 0x00000000ebf80000, 0x0000000100000000)
  eden space 16384K, 100% used [0x00000000eaa80000,0x00000000eba80000,0x00000000eba80000)
  from space 2560K, 99% used [0x00000000eba80000,0x00000000ebcfb0e0,0x00000000ebd00000)
  to   space 2560K, 0% used [0x00000000ebd00000,0x00000000ebd00000,0x00000000ebf80000)
 ParOldGen       total 42496K, used 1531K [0x00000000c0000000, 0x00000000c2980000, 0x00000000eaa80000)
  object space 42496K, 3% used [0x00000000c0000000,0x00000000c017ec58,0x00000000c2980000)
 PSPermGen       total 21504K, used 5605K [0x00000000bae00000, 0x00000000bc300000, 0x00000000c0000000)
  object space 21504K, 26% used [0x00000000bae00000,0x00000000bb379550,0x00000000bc300000)
Event: 6.595 GC heap after
Heap after GC invocations=2 (full 0):
 PSYoungGen      total 18944K, used 2539K [0x00000000eaa80000, 0x00000000ebf80000, 0x0000000100000000)
  eden space 16384K, 0% used [0x00000000eaa80000,0x00000000eaa80000,0x00000000eba80000)
  from space 2560K, 99% used [0x00000000ebd00000,0x00000000ebf7af28,0x00000000ebf80000)
  to   space 2560K, 0% used [0x00000000eba80000,0x00000000eba80000,0x00000000ebd00000)
 ParOldGen       total 42496K, used 3942K [0x00000000c0000000, 0x00000000c2980000, 0x00000000eaa80000)
  object space 42496K, 9% used [0x00000000c0000000,0x00000000c03d9840,0x00000000c2980000)
 PSPermGen       total 21504K, used 5605K [0x00000000bae00000, 0x00000000bc300000, 0x00000000c0000000)
  object space 21504K, 26% used [0x00000000bae00000,0x00000000bb379550,0x00000000bc300000)
}

Deoptimization events (10 events):
Event: 3.686 Thread 0x0000000002720800 Uncommon trap: reason=bimorphic action=maybe_recompile pc=0x000000000289c5e0 method=com.android.dx.rop.code.RegisterSpec.getCategory()I @ 4
Event: 3.686 Thread 0x0000000002720800 Uncommon trap: reason=bimorphic action=maybe_recompile pc=0x000000000289c5e0 method=com.android.dx.rop.code.RegisterSpec.getCategory()I @ 4
Event: 3.691 Thread 0x0000000002720800 Uncommon trap: reason=bimorphic action=maybe_recompile pc=0x00000000028aaaa4 method=com.android.dx.rop.code.RegisterSpec.equals(ILcom/android/dx/rop/type/TypeBearer;Lcom/android/dx/rop/code/LocalItem;)Z @ 13
Event: 3.694 Thread 0x0000000002720800 Uncommon trap: reason=bimorphic action=maybe_recompile pc=0x000000000289c5e0 method=com.android.dx.rop.code.RegisterSpec.getCategory()I @ 4
Event: 3.699 Thread 0x0000000002720800 Uncommon trap: reason=bimorphic action=maybe_recompile pc=0x00000000028aaaa4 method=com.android.dx.rop.code.RegisterSpec.equals(ILcom/android/dx/rop/type/TypeBearer;Lcom/android/dx/rop/code/LocalItem;)Z @ 13
Event: 3.699 Thread 0x0000000002720800 Uncommon trap: reason=bimorphic action=maybe_recompile pc=0x00000000028aaaa4 method=com.android.dx.rop.code.RegisterSpec.equals(ILcom/android/dx/rop/type/TypeBearer;Lcom/android/dx/rop/code/LocalItem;)Z @ 13
Event: 5.088 Thread 0x0000000002720800 Uncommon trap: reason=null_check action=make_not_entrant pc=0x00000000028c6b54 method=com.android.dx.rop.type.Type.equals(Ljava/lang/Object;)Z @ 8
Event: 5.867 Thread 0x0000000002720800 Uncommon trap: reason=null_check action=make_not_entrant pc=0x00000000028de47c method=com.android.dx.ssa.SsaRenamer.getLocalForNewReg(I)Lcom/android/dx/rop/code/LocalItem; @ 19
Event: 6.122 Thread 0x0000000002720800 Uncommon trap: reason=unreached action=reinterpret pc=0x000000000290cf0c method=com.android.dx.rop.code.LocalVariableExtractor.processBlock(I)V @ 195
Event: 6.276 Thread 0x0000000002720800 Uncommon trap: reason=unreached action=reinterpret pc=0x00000000028b5404 method=com.android.dx.rop.cst.Constant.compareTo(Lcom/android/dx/rop/cst/Constant;)I @ 12

Internal exceptions (10 events):
Event: 4.045 Thread 0x0000000002720800 Threw 0x00000000eb8ede10 at C:\re\jdk7u79\2331\hotspot\src\share\vm\prims\jvm.cpp:1304
Event: 4.300 Thread 0x0000000002720800 Threw 0x00000000eba5d5c8 at C:\re\jdk7u79\2331\hotspot\src\share\vm\prims\jvm.cpp:1304
Event: 5.009 Thread 0x0000000002720800 Threw 0x00000000eae31368 at C:\re\jdk7u79\2331\hotspot\src\share\vm\prims\jvm.cpp:1304
Event: 5.088 Thread 0x0000000002720800 Implicit null exception at 0x00000000028c6a52 to 0x00000000028c6b45
Event: 5.867 Thread 0x0000000002720800 Implicit null exception at 0x00000000028dd100 to 0x00000000028de44d
Event: 6.474 Thread 0x0000000002720800 Threw 0x00000000eba2ba10 at C:\re\jdk7u79\2331\hotspot\src\share\vm\prims\jvm.cpp:1304
Event: 6.475 Thread 0x0000000002720800 Threw 0x00000000eba2dd60 at C:\re\jdk7u79\2331\hotspot\src\share\vm\prims\jvm.cpp:1304
Event: 6.479 Thread 0x0000000002720800 Threw 0x00000000eba54818 at C:\re\jdk7u79\2331\hotspot\src\share\vm\prims\jvm.cpp:1304
Event: 6.479 Thread 0x0000000002720800 Threw 0x00000000eba5ace0 at C:\re\jdk7u79\2331\hotspot\src\share\vm\prims\jvm.cpp:1304
Event: 6.480 Thread 0x0000000002720800 Threw 0x00000000eba60070 at C:\re\jdk7u79\2331\hotspot\src\share\vm\prims\jvm.cpp:1304

Events (10 events):
Event: 6.595 Executing VM operation: RevokeBias
Event: 6.595 Executing VM operation: RevokeBias done
Event: 6.595 Executing VM operation: RevokeBias
Event: 6.596 Executing VM operation: RevokeBias done
Event: 6.596 Executing VM operation: RevokeBias
Event: 6.596 Executing VM operation: RevokeBias done
Event: 6.596 Executing VM operation: RevokeBias
Event: 6.596 Executing VM operation: RevokeBias done
Event: 6.596 Executing VM operation: BulkRevokeBias
Event: 6.596 Executing VM operation: BulkRevokeBias done


Dynamic libraries:
0x00007ff75da60000 - 0x00007ff75da93000 	C:\Program Files\Java\jdk1.7.0_79\bin\java.exe
0x00007ff8a3200000 - 0x00007ff8a33aa000 	C:\Windows\SYSTEM32\ntdll.dll
0x00007ff8a0cb0000 - 0x00007ff8a0dea000 	C:\Windows\system32\KERNEL32.DLL
0x00007ff8a0640000 - 0x00007ff8a0750000 	C:\Windows\system32\KERNELBASE.dll
0x00007ff89ef50000 - 0x00007ff89efd8000 	C:\Windows\system32\apphelp.dll
0x00007ff8970d0000 - 0x00007ff89711f000 	C:\Windows\AppPatch\AppPatch64\AcGenral.DLL
0x00007ff8a2960000 - 0x00007ff8a2a07000 	C:\Windows\system32\msvcrt.dll
0x00007ff8a0350000 - 0x00007ff8a037b000 	C:\Windows\SYSTEM32\SspiCli.dll
0x00007ff8a2690000 - 0x00007ff8a26e1000 	C:\Windows\system32\SHLWAPI.dll
0x00007ff8a3020000 - 0x00007ff8a3191000 	C:\Windows\system32\USER32.dll
0x00007ff8a0e60000 - 0x00007ff8a0fd8000 	C:\Windows\system32\ole32.dll
0x00007ff8a0fe0000 - 0x00007ff8a23f7000 	C:\Windows\system32\SHELL32.dll
0x00007ff89fb30000 - 0x00007ff89fb4f000 	C:\Windows\SYSTEM32\USERENV.dll
0x00007ff8a2a10000 - 0x00007ff8a2ab5000 	C:\Windows\system32\ADVAPI32.dll
0x00007ff898450000 - 0x00007ff89846b000 	C:\Windows\SYSTEM32\MPR.dll
0x00007ff8a0a80000 - 0x00007ff8a0bb6000 	C:\Windows\system32\RPCRT4.dll
0x00007ff8a0df0000 - 0x00007ff8a0e47000 	C:\Windows\SYSTEM32\sechost.dll
0x00007ff8a2b70000 - 0x00007ff8a2d46000 	C:\Windows\SYSTEM32\combase.dll
0x00007ff8a2540000 - 0x00007ff8a2685000 	C:\Windows\system32\GDI32.dll
0x00007ff8a0570000 - 0x00007ff8a0584000 	C:\Windows\SYSTEM32\profapi.dll
0x00007ff89de90000 - 0x00007ff89df2f000 	C:\Windows\SYSTEM32\SHCORE.dll
0x00007ff8a0bc0000 - 0x00007ff8a0bf4000 	C:\Windows\system32\IMM32.DLL
0x00007ff8a2400000 - 0x00007ff8a2539000 	C:\Windows\system32\MSCTF.dll
0x00007ff89c420000 - 0x00007ff89c67a000 	C:\Windows\WinSxS\amd64_microsoft.windows.common-controls_6595b64144ccf1df_6.0.9600.17031_none_6242a4b3ecbb55a1\COMCTL32.dll
0x0000000068040000 - 0x0000000068112000 	C:\Program Files\Java\jdk1.7.0_79\jre\bin\msvcr100.dll
0x0000000068650000 - 0x0000000068e25000 	C:\Program Files\Java\jdk1.7.0_79\jre\bin\server\jvm.dll
0x00007ff89aa30000 - 0x00007ff89aa39000 	C:\Windows\SYSTEM32\WSOCK32.dll
0x00007ff89d120000 - 0x00007ff89d13f000 	C:\Windows\SYSTEM32\WINMM.dll
0x00007ff8a2750000 - 0x00007ff8a2757000 	C:\Windows\system32\PSAPI.DLL
0x00007ff8a2900000 - 0x00007ff8a2958000 	C:\Windows\system32\WS2_32.dll
0x00007ff89cf60000 - 0x00007ff89cf8a000 	C:\Windows\SYSTEM32\WINMMBASE.dll
0x00007ff8a2ac0000 - 0x00007ff8a2ac9000 	C:\Windows\system32\NSI.dll
0x00007ff8a0a30000 - 0x00007ff8a0a7a000 	C:\Windows\SYSTEM32\cfgmgr32.dll
0x00007ff89f3c0000 - 0x00007ff89f3e6000 	C:\Windows\SYSTEM32\DEVOBJ.dll
0x0000000068640000 - 0x000000006864f000 	C:\Program Files\Java\jdk1.7.0_79\jre\bin\verify.dll
0x0000000068610000 - 0x0000000068638000 	C:\Program Files\Java\jdk1.7.0_79\jre\bin\java.dll
0x00000000685f0000 - 0x0000000068605000 	C:\Program Files\Java\jdk1.7.0_79\jre\bin\zip.dll
0x00000000685d0000 - 0x00000000685ea000 	C:\Program Files\Java\jdk1.7.0_79\jre\bin\net.dll
0x00007ff89fd80000 - 0x00007ff89fdd8000 	C:\Windows\system32\mswsock.dll
0x00000000685b0000 - 0x00000000685c1000 	C:\Program Files\Java\jdk1.7.0_79\jre\bin\nio.dll

VM Arguments:
jvm_args: -Djava.awt.headless=true -Xmx1024M -Dfile.encoding=windows-1256 -Duser.country=GB -Duser.language=en -Duser.variant 
java_command: com.android.dx.command.Main --dex --output E:\AndroidStudioProjects\pro_phase1\app\build\intermediates\pre-dexed\debug\com.android.support-appcompat-v7-21.0.3_1ad1ec524449fe63a2f628ee7012f21a40a65454.jar E:\AndroidStudioProjects\pro_phase1\app\build\intermediates\exploded-aar\com.android.support\appcompat-v7\21.0.3\jars\classes.jar
Launcher Type: SUN_STANDARD

Environment Variables:
PATH=C:\Program Files\Dell\DW WLAN Card;;C:\ORACLEXE\APP\ORACLE\PRODUCT\11.2.0\SERVER\BIN;C:\PROGRAM FILES (X86)\INTEL\ICLS CLIENT\;C:\PROGRAM FILES\INTEL\ICLS CLIENT\;C:\Windows\SYSTEM32;C:\Windows;C:\Windows\SYSTEM32\WBEM;C:\Windows\SYSTEM32\WINDOWSPOWERSHELL\V1.0\;C:\PROGRAM FILES\INTEL\INTEL(R) MANAGEMENT ENGINE COMPONENTS\DAL;C:\PROGRAM FILES\INTEL\INTEL(R) MANAGEMENT ENGINE COMPONENTS\IPT;C:\PROGRAM FILES (X86)\INTEL\INTEL(R) MANAGEMENT ENGINE COMPONENTS\DAL;C:\PROGRAM FILES (X86)\INTEL\INTEL(R) MANAGEMENT ENGINE COMPONENTS\IPT;C:\PROGRAM FILES (X86)\ATI TECHNOLOGIES\ATI.ACE\CORE-STATIC;C:\Program Files\WIDCOMM\Bluetooth Software\;C:\Program Files\WIDCOMM\Bluetooth Software\syswow64
USERNAME=Omar
OS=Windows_NT
PROCESSOR_IDENTIFIER=Intel64 Family 6 Model 69 Stepping 1, GenuineIntel



---------------  S Y S T E M  ---------------

OS: Windows 8.1 , 64 bit Build 9600 

CPU:total 4 (2 cores per cpu, 2 threads per core) family 6 model 69 stepping 1, cmov, cx8, fxsr, mmx, sse, sse2, sse3, ssse3, sse4.1, sse4.2, popcnt, avx, avx2, aes, erms, ht, tsc, tscinvbit

Memory: 4k page, physical 4079984k(390552k free), swap 7225712k(132920k free)

vm_info: Java HotSpot(TM) 64-Bit Server VM (24.79-b02) for windows-amd64 JRE (1.7.0_79-b15), built on Apr 10 2015 12:36:16 by "java_re" with unknown MS VC++:1600

time: Fri Apr 22 17:18:22 2016
elapsed time: 7 seconds

