#
# There is insufficient memory for the Java Runtime Environment to continue.
# Native memory allocation (malloc) failed to allocate 32784 bytes for Chunk::new
# Possible reasons:
#   The system is out of physical RAM or swap space
#   In 32 bit mode, the process size limit was hit
# Possible solutions:
#   Reduce memory load on the system
#   Increase physical memory or swap space
#   Check if swap backing store is full
#   Use 64 bit Java on a 64 bit OS
#   Decrease Java heap size (-Xmx/-Xms)
#   Decrease number of Java threads
#   Decrease Java thread stack sizes (-Xss)
#   Set larger code cache with -XX:ReservedCodeCacheSize=
# This output file may be truncated or incomplete.
#
#  Out of Memory Error (allocation.cpp:323), pid=7992, tid=7264
#
# JRE version: Java(TM) SE Runtime Environment (7.0_79-b15) (build 1.7.0_79-b15)
# Java VM: Java HotSpot(TM) 64-Bit Server VM (24.79-b02 mixed mode windows-amd64 compressed oops)
# Failed to write core dump. Minidumps are not enabled by default on client versions of Windows
#

---------------  T H R E A D  ---------------

Current thread (0x000000000871d800):  JavaThread "C2 CompilerThread0" daemon [_thread_in_native, id=7264, stack(0x0000000009cb0000,0x0000000009db0000)]

Stack: [0x0000000009cb0000,0x0000000009db0000]
[error occurred during error reporting (printing stack bounds), id 0xc0000005]


Current CompileTask:
C2:   7174  306             java.util.Properties$LineReader::readLine (452 bytes)


---------------  P R O C E S S  ---------------

Java Threads: ( => current thread )
  0x000000000872d000 JavaThread "Service Thread" daemon [_thread_blocked, id=6952, stack(0x0000000009eb0000,0x0000000009fb0000)]
  0x0000000008725800 JavaThread "C2 CompilerThread1" daemon [_thread_blocked, id=6176, stack(0x0000000009db0000,0x0000000009eb0000)]
=>0x000000000871d800 JavaThread "C2 CompilerThread0" daemon [_thread_in_native, id=7264, stack(0x0000000009cb0000,0x0000000009db0000)]
  0x000000000870f000 JavaThread "Attach Listener" daemon [_thread_blocked, id=7032, stack(0x0000000009bb0000,0x0000000009cb0000)]
  0x000000000870d800 JavaThread "Signal Dispatcher" daemon [_thread_blocked, id=8044, stack(0x0000000009ab0000,0x0000000009bb0000)]
  0x00000000086d9000 JavaThread "Finalizer" daemon [_thread_blocked, id=4440, stack(0x00000000099b0000,0x0000000009ab0000)]
  0x00000000086d5800 JavaThread "Reference Handler" daemon [_thread_blocked, id=1172, stack(0x00000000098b0000,0x00000000099b0000)]
  0x0000000002780800 JavaThread "main" [_thread_in_native, id=576, stack(0x00000000025c0000,0x00000000026c0000)]

Other Threads:
  0x00000000086d1800 VMThread [stack: 0x00000000097b0000,0x00000000098b0000] [id=5128]
  0x0000000008746800 WatcherThread [stack: 0x0000000009fb0000,0x000000000a0b0000] [id=6644]

VM state:not at safepoint (normal execution)

VM Mutex/Monitor currently owned by a thread: None

Heap
 PSYoungGen      total 18944K, used 5168K [0x00000000eaa80000, 0x00000000ecf80000, 0x0000000100000000)
  eden space 16384K, 16% used [0x00000000eaa80000,0x00000000ead10330,0x00000000eba80000)
  from space 2560K, 99% used [0x00000000ebd00000,0x00000000ebf7c038,0x00000000ebf80000)
  to   space 2560K, 0% used [0x00000000eba80000,0x00000000eba80000,0x00000000ebd00000)
 ParOldGen       total 42496K, used 2308K [0x00000000c0000000, 0x00000000c2980000, 0x00000000eaa80000)
  object space 42496K, 5% used [0x00000000c0000000,0x00000000c02411c0,0x00000000c2980000)
 PSPermGen       total 21504K, used 5497K [0x00000000bae00000, 0x00000000bc300000, 0x00000000c0000000)
  object space 21504K, 25% used [0x00000000bae00000,0x00000000bb35e690,0x00000000bc300000)

Card table byte_map: [0x0000000005940000,0x0000000005b70000] byte_map_base: 0x0000000005369000

Polling page: 0x0000000000d80000

Code Cache  [0x0000000002880000, 0x0000000002af0000, 0x0000000005880000)
 total_blobs=519 nmethods=305 adapters=166 free_code_cache=48022Kb largest_free_block=49146560

Compilation events (10 events):
Event: 6.495 Thread 0x0000000008725800  302             com.android.dx.rop.cst.CstMemberRef::getNat (5 bytes)
Event: 6.495 Thread 0x0000000008725800 nmethod 302 0x000000000299cf10 code [0x000000000299d040, 0x000000000299d098]
Event: 6.496 Thread 0x0000000008725800  303             com.android.dx.rop.cst.CstString::getString (5 bytes)
Event: 6.496 Thread 0x0000000008725800 nmethod 303 0x000000000299c1d0 code [0x000000000299c300, 0x000000000299c358]
Event: 6.498 Thread 0x0000000008725800  304             com.android.dx.dex.file.IndexedItem::getIndex (22 bytes)
Event: 6.498 Thread 0x0000000008725800 nmethod 304 0x000000000299bfd0 code [0x000000000299c100, 0x000000000299c158]
Event: 6.503 Thread 0x000000000871d800 nmethod 301 0x000000000299ffd0 code [0x00000000029a01a0, 0x00000000029a0d40]
Event: 6.505 Thread 0x0000000008725800  305             com.android.dx.dex.file.Section::throwIfNotPrepared (18 bytes)
Event: 6.506 Thread 0x0000000008725800 nmethod 305 0x000000000299bdd0 code [0x000000000299bf00, 0x000000000299bf58]
Event: 6.770 Thread 0x000000000871d800  306             java.util.Properties$LineReader::readLine (452 bytes)

GC Heap History (4 events):
Event: 3.949 GC heap before
{Heap before GC invocations=1 (full 0):
 PSYoungGen      total 18944K, used 16384K [0x00000000eaa80000, 0x00000000ebf80000, 0x0000000100000000)
  eden space 16384K, 100% used [0x00000000eaa80000,0x00000000eba80000,0x00000000eba80000)
  from space 2560K, 0% used [0x00000000ebd00000,0x00000000ebd00000,0x00000000ebf80000)
  to   space 2560K, 0% used [0x00000000eba80000,0x00000000eba80000,0x00000000ebd00000)
 ParOldGen       total 42496K, used 0K [0x00000000c0000000, 0x00000000c2980000, 0x00000000eaa80000)
  object space 42496K, 0% used [0x00000000c0000000,0x00000000c0000000,0x00000000c2980000)
 PSPermGen       total 21504K, used 4973K [0x00000000bae00000, 0x00000000bc300000, 0x00000000c0000000)
  object space 21504K, 23% used [0x00000000bae00000,0x00000000bb2db500,0x00000000bc300000)
Event: 3.957 GC heap after
Heap after GC invocations=1 (full 0):
 PSYoungGen      total 18944K, used 2544K [0x00000000eaa80000, 0x00000000ebf80000, 0x0000000100000000)
  eden space 16384K, 0% used [0x00000000eaa80000,0x00000000eaa80000,0x00000000eba80000)
  from space 2560K, 99% used [0x00000000eba80000,0x00000000ebcfc028,0x00000000ebd00000)
  to   space 2560K, 0% used [0x00000000ebd00000,0x00000000ebd00000,0x00000000ebf80000)
 ParOldGen       total 42496K, used 1302K [0x00000000c0000000, 0x00000000c2980000, 0x00000000eaa80000)
  object space 42496K, 3% used [0x00000000c0000000,0x00000000c0145918,0x00000000c2980000)
 PSPermGen       total 21504K, used 4973K [0x00000000bae00000, 0x00000000bc300000, 0x00000000c0000000)
  object space 21504K, 23% used [0x00000000bae00000,0x00000000bb2db500,0x00000000bc300000)
}
Event: 5.748 GC heap before
{Heap before GC invocations=2 (full 0):
 PSYoungGen      total 18944K, used 18928K [0x00000000eaa80000, 0x00000000ebf80000, 0x0000000100000000)
  eden space 16384K, 100% used [0x00000000eaa80000,0x00000000eba80000,0x00000000eba80000)
  from space 2560K, 99% used [0x00000000eba80000,0x00000000ebcfc028,0x00000000ebd00000)
  to   space 2560K, 0% used [0x00000000ebd00000,0x00000000ebd00000,0x00000000ebf80000)
 ParOldGen       total 42496K, used 1302K [0x00000000c0000000, 0x00000000c2980000, 0x00000000eaa80000)
  object space 42496K, 3% used [0x00000000c0000000,0x00000000c0145918,0x00000000c2980000)
 PSPermGen       total 21504K, used 5095K [0x00000000bae00000, 0x00000000bc300000, 0x00000000c0000000)
  object space 21504K, 23% used [0x00000000bae00000,0x00000000bb2f9f40,0x00000000bc300000)
Event: 5.823 GC heap after
Heap after GC invocations=2 (full 0):
 PSYoungGen      total 18944K, used 2544K [0x00000000eaa80000, 0x00000000ecf80000, 0x0000000100000000)
  eden space 16384K, 0% used [0x00000000eaa80000,0x00000000eaa80000,0x00000000eba80000)
  from space 2560K, 99% used [0x00000000ebd00000,0x00000000ebf7c038,0x00000000ebf80000)
  to   space 2560K, 0% used [0x00000000eba80000,0x00000000eba80000,0x00000000ebd00000)
 ParOldGen       total 42496K, used 2308K [0x00000000c0000000, 0x00000000c2980000, 0x00000000eaa80000)
  object space 42496K, 5% used [0x00000000c0000000,0x00000000c02411c0,0x00000000c2980000)
 PSPermGen       total 21504K, used 5095K [0x00000000bae00000, 0x00000000bc300000, 0x00000000c0000000)
  object space 21504K, 23% used [0x00000000bae00000,0x00000000bb2f9f40,0x00000000bc300000)
}

Deoptimization events (10 events):
Event: 3.869 Thread 0x0000000002780800 Uncommon trap: reason=class_check action=maybe_recompile pc=0x0000000002910540 method=java.util.Collections$UnmodifiableCollection$1.next()Ljava/lang/Object; @ 4
Event: 3.869 Thread 0x0000000002780800 Uncommon trap: reason=class_check action=maybe_recompile pc=0x0000000002910540 method=java.util.Collections$UnmodifiableCollection$1.next()Ljava/lang/Object; @ 4
Event: 4.477 Thread 0x0000000002780800 Uncommon trap: reason=predicate action=maybe_recompile pc=0x00000000028fdc2c method=java.util.ArrayList.remove(Ljava/lang/Object;)Z @ 49
Event: 4.792 Thread 0x0000000002780800 Uncommon trap: reason=unreached action=reinterpret pc=0x000000000290229c method=com.android.dx.rop.cst.CstLiteral32.equals(Ljava/lang/Object;)Z @ 12
Event: 4.792 Thread 0x0000000002780800 Uncommon trap: reason=unreached action=reinterpret pc=0x00000000028e7444 method=com.android.dx.rop.cst.Constant.compareTo(Lcom/android/dx/rop/cst/Constant;)I @ 12
Event: 4.934 Thread 0x0000000002780800 Uncommon trap: reason=null_check action=make_not_entrant pc=0x0000000002957230 method=com.android.dx.ssa.SsaRenamer.getLocalForNewReg(I)Lcom/android/dx/rop/code/LocalItem; @ 19
Event: 5.948 Thread 0x0000000002780800 Uncommon trap: reason=class_check action=maybe_recompile pc=0x0000000002931bc0 method=java.util.HashMap.put(Ljava/lang/Object;Ljava/lang/Object;)Ljava/lang/Object; @ 83
Event: 5.948 Thread 0x0000000002780800 Uncommon trap: reason=class_check action=maybe_recompile pc=0x0000000002931bc0 method=java.util.HashMap.put(Ljava/lang/Object;Ljava/lang/Object;)Ljava/lang/Object; @ 83
Event: 5.948 Thread 0x0000000002780800 Uncommon trap: reason=class_check action=maybe_recompile pc=0x0000000002931bc0 method=java.util.HashMap.put(Ljava/lang/Object;Ljava/lang/Object;)Ljava/lang/Object; @ 83
Event: 5.948 Thread 0x0000000002780800 Uncommon trap: reason=class_check action=maybe_recompile pc=0x0000000002931bc0 method=java.util.HashMap.put(Ljava/lang/Object;Ljava/lang/Object;)Ljava/lang/Object; @ 83

Internal exceptions (10 events):
Event: 6.152 Thread 0x0000000002780800 Threw 0x00000000eac21d80 at C:\re\jdk7u79\2331\hotspot\src\share\vm\prims\jvm.cpp:1304
Event: 6.154 Thread 0x0000000002780800 Threw 0x00000000eac28150 at C:\re\jdk7u79\2331\hotspot\src\share\vm\prims\jvm.cpp:1304
Event: 6.413 Thread 0x0000000002780800 Threw 0x00000000eac7f9b0 at C:\re\jdk7u79\2331\hotspot\src\share\vm\prims\jvm.cpp:1304
Event: 6.415 Thread 0x0000000002780800 Threw 0x00000000eac8b2f8 at C:\re\jdk7u79\2331\hotspot\src\share\vm\prims\jvm.cpp:1304
Event: 6.416 Thread 0x0000000002780800 Threw 0x00000000eac8dc38 at C:\re\jdk7u79\2331\hotspot\src\share\vm\prims\jvm.cpp:1304
Event: 6.424 Thread 0x0000000002780800 Threw 0x00000000eacb4c18 at C:\re\jdk7u79\2331\hotspot\src\share\vm\prims\jvm.cpp:1304
Event: 6.440 Thread 0x0000000002780800 Threw 0x00000000eacd99b0 at C:\re\jdk7u79\2331\hotspot\src\share\vm\prims\jvm.cpp:1304
Event: 6.468 Thread 0x0000000002780800 Threw 0x00000000eacdebf0 at C:\re\jdk7u79\2331\hotspot\src\share\vm\prims\jvm.cpp:1304
Event: 6.474 Thread 0x0000000002780800 Threw 0x00000000eacf9bd0 at C:\re\jdk7u79\2331\hotspot\src\share\vm\prims\jvm.cpp:1304
Event: 6.520 Thread 0x0000000002780800 Threw 0x00000000eacfc970 at C:\re\jdk7u79\2331\hotspot\src\share\vm\prims\jvm.cpp:1304

Events (10 events):
Event: 6.522 loading class 0x0000000008742720
Event: 6.541 loading class 0x0000000008753770
Event: 6.541 loading class 0x0000000008753770 done
Event: 6.541 loading class 0x0000000008742720 done
Event: 6.542 loading class 0x00000000087537d0
Event: 6.566 loading class 0x00000000087537d0 done
Event: 6.566 loading class 0x0000000008754160
Event: 6.567 loading class 0x0000000008754160 done
Event: 6.603 loading class 0x00000000027da4e0
Event: 6.657 loading class 0x00000000027da4e0 done


Dynamic libraries:
0x00007ff75da60000 - 0x00007ff75da93000 	C:\Program Files\Java\jdk1.7.0_79\bin\java.exe
0x00007ff8a3200000 - 0x00007ff8a33aa000 	C:\Windows\SYSTEM32\ntdll.dll
0x00007ff8a0cb0000 - 0x00007ff8a0dea000 	C:\Windows\system32\KERNEL32.DLL
0x00007ff8a0640000 - 0x00007ff8a0750000 	C:\Windows\system32\KERNELBASE.dll
0x00007ff89ef50000 - 0x00007ff89efd8000 	C:\Windows\system32\apphelp.dll
0x00007ff8970d0000 - 0x00007ff89711f000 	C:\Windows\AppPatch\AppPatch64\AcGenral.DLL
0x00007ff8a2960000 - 0x00007ff8a2a07000 	C:\Windows\system32\msvcrt.dll
0x00007ff8a0350000 - 0x00007ff8a037b000 	C:\Windows\SYSTEM32\SspiCli.dll
0x00007ff8a2690000 - 0x00007ff8a26e1000 	C:\Windows\system32\SHLWAPI.dll
0x00007ff8a3020000 - 0x00007ff8a3191000 	C:\Windows\system32\USER32.dll
0x00007ff8a0e60000 - 0x00007ff8a0fd8000 	C:\Windows\system32\ole32.dll
0x00007ff8a0fe0000 - 0x00007ff8a23f7000 	C:\Windows\system32\SHELL32.dll
0x00007ff89fb30000 - 0x00007ff89fb4f000 	C:\Windows\SYSTEM32\USERENV.dll
0x00007ff8a2a10000 - 0x00007ff8a2ab5000 	C:\Windows\system32\ADVAPI32.dll
0x00007ff898450000 - 0x00007ff89846b000 	C:\Windows\SYSTEM32\MPR.dll
0x00007ff8a0a80000 - 0x00007ff8a0bb6000 	C:\Windows\system32\RPCRT4.dll
0x00007ff8a0df0000 - 0x00007ff8a0e47000 	C:\Windows\SYSTEM32\sechost.dll
0x00007ff8a2b70000 - 0x00007ff8a2d46000 	C:\Windows\SYSTEM32\combase.dll
0x00007ff8a2540000 - 0x00007ff8a2685000 	C:\Windows\system32\GDI32.dll
0x00007ff8a0570000 - 0x00007ff8a0584000 	C:\Windows\SYSTEM32\profapi.dll
0x00007ff89de90000 - 0x00007ff89df2f000 	C:\Windows\SYSTEM32\SHCORE.dll
0x00007ff8a0bc0000 - 0x00007ff8a0bf4000 	C:\Windows\system32\IMM32.DLL
0x00007ff8a2400000 - 0x00007ff8a2539000 	C:\Windows\system32\MSCTF.dll
0x00007ff89c420000 - 0x00007ff89c67a000 	C:\Windows\WinSxS\amd64_microsoft.windows.common-controls_6595b64144ccf1df_6.0.9600.17031_none_6242a4b3ecbb55a1\COMCTL32.dll
0x0000000068040000 - 0x0000000068112000 	C:\Program Files\Java\jdk1.7.0_79\jre\bin\msvcr100.dll
0x0000000068650000 - 0x0000000068e25000 	C:\Program Files\Java\jdk1.7.0_79\jre\bin\server\jvm.dll
0x00007ff89aa30000 - 0x00007ff89aa39000 	C:\Windows\SYSTEM32\WSOCK32.dll
0x00007ff89d120000 - 0x00007ff89d13f000 	C:\Windows\SYSTEM32\WINMM.dll
0x00007ff8a2750000 - 0x00007ff8a2757000 	C:\Windows\system32\PSAPI.DLL
0x00007ff8a2900000 - 0x00007ff8a2958000 	C:\Windows\system32\WS2_32.dll
0x00007ff89cf60000 - 0x00007ff89cf8a000 	C:\Windows\SYSTEM32\WINMMBASE.dll
0x00007ff8a2ac0000 - 0x00007ff8a2ac9000 	C:\Windows\system32\NSI.dll
0x00007ff8a0a30000 - 0x00007ff8a0a7a000 	C:\Windows\SYSTEM32\cfgmgr32.dll
0x00007ff89f3c0000 - 0x00007ff89f3e6000 	C:\Windows\SYSTEM32\DEVOBJ.dll
0x0000000068640000 - 0x000000006864f000 	C:\Program Files\Java\jdk1.7.0_79\jre\bin\verify.dll
0x0000000068610000 - 0x0000000068638000 	C:\Program Files\Java\jdk1.7.0_79\jre\bin\java.dll
0x00000000685f0000 - 0x0000000068605000 	C:\Program Files\Java\jdk1.7.0_79\jre\bin\zip.dll

VM Arguments:
jvm_args: -Djava.awt.headless=true -Xmx1024M -Dfile.encoding=windows-1256 -Duser.country=GB -Duser.language=en -Duser.variant 
java_command: com.android.dx.command.Main --dex --output E:\AndroidStudioProjects\pro_phase1\app\build\intermediates\pre-dexed\debug\debug_10fd3da100702bb9b40f1f87c4c2ccbda09ee2a6.jar E:\AndroidStudioProjects\pro_phase1\app\build\intermediates\classes\debug
Launcher Type: SUN_STANDARD

Environment Variables:
PATH=C:\Program Files\Dell\DW WLAN Card;;C:\ORACLEXE\APP\ORACLE\PRODUCT\11.2.0\SERVER\BIN;C:\PROGRAM FILES (X86)\INTEL\ICLS CLIENT\;C:\PROGRAM FILES\INTEL\ICLS CLIENT\;C:\Windows\SYSTEM32;C:\Windows;C:\Windows\SYSTEM32\WBEM;C:\Windows\SYSTEM32\WINDOWSPOWERSHELL\V1.0\;C:\PROGRAM FILES\INTEL\INTEL(R) MANAGEMENT ENGINE COMPONENTS\DAL;C:\PROGRAM FILES\INTEL\INTEL(R) MANAGEMENT ENGINE COMPONENTS\IPT;C:\PROGRAM FILES (X86)\INTEL\INTEL(R) MANAGEMENT ENGINE COMPONENTS\DAL;C:\PROGRAM FILES (X86)\INTEL\INTEL(R) MANAGEMENT ENGINE COMPONENTS\IPT;C:\PROGRAM FILES (X86)\ATI TECHNOLOGIES\ATI.ACE\CORE-STATIC;C:\Program Files\WIDCOMM\Bluetooth Software\;C:\Program Files\WIDCOMM\Bluetooth Software\syswow64
USERNAME=Omar
OS=Windows_NT
PROCESSOR_IDENTIFIER=Intel64 Family 6 Model 69 Stepping 1, GenuineIntel



---------------  S Y S T E M  ---------------

OS: Windows 8.1 , 64 bit Build 9600 

CPU:total 4 (2 cores per cpu, 2 threads per core) family 6 model 69 stepping 1, cmov, cx8, fxsr, mmx, sse, sse2, sse3, ssse3, sse4.1, sse4.2, popcnt, avx, avx2, aes, erms, ht, tsc, tscinvbit

Memory: 4k page, physical 4079984k(390556k free), swap 7225712k(132920k free)

vm_info: Java HotSpot(TM) 64-Bit Server VM (24.79-b02) for windows-amd64 JRE (1.7.0_79-b15), built on Apr 10 2015 12:36:16 by "java_re" with unknown MS VC++:1600

time: Fri Apr 22 17:18:22 2016
elapsed time: 7 seconds

