#
# There is insufficient memory for the Java Runtime Environment to continue.
# Native memory allocation (malloc) failed to allocate 262160 bytes for Chunk::new
# Possible reasons:
#   The system is out of physical RAM or swap space
#   In 32 bit mode, the process size limit was hit
# Possible solutions:
#   Reduce memory load on the system
#   Increase physical memory or swap space
#   Check if swap backing store is full
#   Use 64 bit Java on a 64 bit OS
#   Decrease Java heap size (-Xmx/-Xms)
#   Decrease number of Java threads
#   Decrease Java thread stack sizes (-Xss)
#   Set larger code cache with -XX:ReservedCodeCacheSize=
# This output file may be truncated or incomplete.
#
#  Out of Memory Error (allocation.cpp:323), pid=2196, tid=3500
#
# JRE version: Java(TM) SE Runtime Environment (7.0_79-b15) (build 1.7.0_79-b15)
# Java VM: Java HotSpot(TM) 64-Bit Server VM (24.79-b02 mixed mode windows-amd64 compressed oops)
# Failed to write core dump. Minidumps are not enabled by default on client versions of Windows
#

---------------  T H R E A D  ---------------

Current thread (0x00000000088fb000):  JavaThread "C2 CompilerThread1" daemon [_thread_in_native, id=3500, stack(0x0000000009f60000,0x000000000a060000)]

Stack: [0x0000000009f60000,0x000000000a060000]
[error occurred during error reporting (printing stack bounds), id 0xc0000005]


[error occurred during error reporting (printing native stack), id 0xc0000005]


Current CompileTask:
C2:   4333  266   !         com.android.dx.cf.code.BytecodeArray::parseInstruction (2764 bytes)


---------------  P R O C E S S  ---------------

Java Threads: ( => current thread )
  0x000000000890c800 JavaThread "Service Thread" daemon [_thread_blocked, id=5976, stack(0x000000000a060000,0x000000000a160000)]
=>0x00000000088fb000 JavaThread "C2 CompilerThread1" daemon [_thread_in_native, id=3500, stack(0x0000000009f60000,0x000000000a060000)]
  0x00000000088ee800 JavaThread "C2 CompilerThread0" daemon [_thread_blocked, id=1468, stack(0x0000000009e60000,0x0000000009f60000)]
  0x00000000088ed800 JavaThread "Attach Listener" daemon [_thread_blocked, id=4156, stack(0x0000000009d60000,0x0000000009e60000)]
  0x00000000088df000 JavaThread "Signal Dispatcher" daemon [_thread_blocked, id=6736, stack(0x0000000009c60000,0x0000000009d60000)]
  0x00000000088a9800 JavaThread "Finalizer" daemon [_thread_blocked, id=2524, stack(0x0000000009b60000,0x0000000009c60000)]
  0x00000000088a6000 JavaThread "Reference Handler" daemon [_thread_blocked, id=6788, stack(0x0000000009a60000,0x0000000009b60000)]
  0x0000000002950800 JavaThread "main" [_thread_in_Java, id=536, stack(0x0000000002850000,0x0000000002950000)]

Other Threads:
  0x00000000088a2000 VMThread [stack: 0x0000000009960000,0x0000000009a60000] [id=4596]
  0x0000000008916000 WatcherThread [stack: 0x000000000a160000,0x000000000a260000] [id=7768]

VM state:not at safepoint (normal execution)

VM Mutex/Monitor currently owned by a thread: None

Heap
 PSYoungGen      total 18944K, used 4178K [0x00000000eaa80000, 0x00000000ecf80000, 0x0000000100000000)
  eden space 16384K, 9% used [0x00000000eaa80000,0x00000000eac15940,0x00000000eba80000)
  from space 2560K, 99% used [0x00000000ebd00000,0x00000000ebf7eee0,0x00000000ebf80000)
  to   space 2560K, 0% used [0x00000000eba80000,0x00000000eba80000,0x00000000ebd00000)
 ParOldGen       total 42496K, used 3744K [0x00000000c0000000, 0x00000000c2980000, 0x00000000eaa80000)
  object space 42496K, 8% used [0x00000000c0000000,0x00000000c03a8188,0x00000000c2980000)
 PSPermGen       total 21504K, used 5610K [0x00000000bae00000, 0x00000000bc300000, 0x00000000c0000000)
  object space 21504K, 26% used [0x00000000bae00000,0x00000000bb37a900,0x00000000bc300000)

Card table byte_map: [0x0000000005b10000,0x0000000005d40000] byte_map_base: 0x0000000005539000

Polling page: 0x0000000001010000

Code Cache  [0x0000000002a50000, 0x0000000002cc0000, 0x0000000005a50000)
 total_blobs=500 nmethods=266 adapters=186 free_code_cache=48108Kb largest_free_block=49235328

Compilation events (10 events):
Event: 4.197 Thread 0x00000000088fb000 nmethod 262 0x0000000002b4b690 code [0x0000000002b4b7e0, 0x0000000002b4ba78]
Event: 4.240 Thread 0x00000000088ee800  263             com.android.dx.rop.code.InsnList::getLast (11 bytes)
Event: 4.241 Thread 0x00000000088ee800 nmethod 263 0x0000000002b4de90 code [0x0000000002b4dfe0, 0x0000000002b4e0b8]
Event: 4.250 Thread 0x00000000088fb000  264             com.android.dx.ssa.SsaConverter::edgeSplitSuccessors (98 bytes)
Event: 4.283 Thread 0x00000000088fb000 nmethod 264 0x0000000002b59890 code [0x0000000002b59b00, 0x0000000002b5a748]
Event: 4.297 Thread 0x00000000088ee800  265             com.android.dx.ssa.back.RegisterAllocator::getDefinitionSpecForSsaReg (22 bytes)
Event: 4.297 Thread 0x00000000088fb000  266   !         com.android.dx.cf.code.BytecodeArray::parseInstruction (2764 bytes)
Event: 4.300 Thread 0x00000000088ee800 nmethod 265 0x0000000002b4b090 code [0x0000000002b4b200, 0x0000000002b4b448]
Event: 4.300 Thread 0x00000000088ee800  267             com.android.dx.cf.code.ByteOps::opInfo (6 bytes)
Event: 4.301 Thread 0x00000000088ee800 nmethod 267 0x0000000002b47890 code [0x0000000002b479c0, 0x0000000002b47a18]

GC Heap History (4 events):
Event: 2.329 GC heap before
{Heap before GC invocations=1 (full 0):
 PSYoungGen      total 18944K, used 16384K [0x00000000eaa80000, 0x00000000ebf80000, 0x0000000100000000)
  eden space 16384K, 100% used [0x00000000eaa80000,0x00000000eba80000,0x00000000eba80000)
  from space 2560K, 0% used [0x00000000ebd00000,0x00000000ebd00000,0x00000000ebf80000)
  to   space 2560K, 0% used [0x00000000eba80000,0x00000000eba80000,0x00000000ebd00000)
 ParOldGen       total 42496K, used 0K [0x00000000c0000000, 0x00000000c2980000, 0x00000000eaa80000)
  object space 42496K, 0% used [0x00000000c0000000,0x00000000c0000000,0x00000000c2980000)
 PSPermGen       total 21504K, used 5396K [0x00000000bae00000, 0x00000000bc300000, 0x00000000c0000000)
  object space 21504K, 25% used [0x00000000bae00000,0x00000000bb345270,0x00000000bc300000)
Event: 2.341 GC heap after
Heap after GC invocations=1 (full 0):
 PSYoungGen      total 18944K, used 2554K [0x00000000eaa80000, 0x00000000ebf80000, 0x0000000100000000)
  eden space 16384K, 0% used [0x00000000eaa80000,0x00000000eaa80000,0x00000000eba80000)
  from space 2560K, 99% used [0x00000000eba80000,0x00000000ebcfea98,0x00000000ebd00000)
  to   space 2560K, 0% used [0x00000000ebd00000,0x00000000ebd00000,0x00000000ebf80000)
 ParOldGen       total 42496K, used 1731K [0x00000000c0000000, 0x00000000c2980000, 0x00000000eaa80000)
  object space 42496K, 4% used [0x00000000c0000000,0x00000000c01b0f18,0x00000000c2980000)
 PSPermGen       total 21504K, used 5396K [0x00000000bae00000, 0x00000000bc300000, 0x00000000c0000000)
  object space 21504K, 25% used [0x00000000bae00000,0x00000000bb345270,0x00000000bc300000)
}
Event: 4.161 GC heap before
{Heap before GC invocations=2 (full 0):
 PSYoungGen      total 18944K, used 18938K [0x00000000eaa80000, 0x00000000ebf80000, 0x0000000100000000)
  eden space 16384K, 100% used [0x00000000eaa80000,0x00000000eba80000,0x00000000eba80000)
  from space 2560K, 99% used [0x00000000eba80000,0x00000000ebcfea98,0x00000000ebd00000)
  to   space 2560K, 0% used [0x00000000ebd00000,0x00000000ebd00000,0x00000000ebf80000)
 ParOldGen       total 42496K, used 1731K [0x00000000c0000000, 0x00000000c2980000, 0x00000000eaa80000)
  object space 42496K, 4% used [0x00000000c0000000,0x00000000c01b0f18,0x00000000c2980000)
 PSPermGen       total 21504K, used 5599K [0x00000000bae00000, 0x00000000bc300000, 0x00000000c0000000)
  object space 21504K, 26% used [0x00000000bae00000,0x00000000bb377e88,0x00000000bc300000)
Event: 4.191 GC heap after
Heap after GC invocations=2 (full 0):
 PSYoungGen      total 18944K, used 2555K [0x00000000eaa80000, 0x00000000ecf80000, 0x0000000100000000)
  eden space 16384K, 0% used [0x00000000eaa80000,0x00000000eaa80000,0x00000000eba80000)
  from space 2560K, 99% used [0x00000000ebd00000,0x00000000ebf7eee0,0x00000000ebf80000)
  to   space 2560K, 0% used [0x00000000eba80000,0x00000000eba80000,0x00000000ebd00000)
 ParOldGen       total 42496K, used 3744K [0x00000000c0000000, 0x00000000c2980000, 0x00000000eaa80000)
  object space 42496K, 8% used [0x00000000c0000000,0x00000000c03a8188,0x00000000c2980000)
 PSPermGen       total 21504K, used 5599K [0x00000000bae00000, 0x00000000bc300000, 0x00000000c0000000)
  object space 21504K, 26% used [0x00000000bae00000,0x00000000bb377e88,0x00000000bc300000)
}

Deoptimization events (10 events):
Event: 3.512 Thread 0x0000000002950800 Uncommon trap: reason=class_check action=maybe_recompile pc=0x0000000002b212c0 method=java.util.Collections$UnmodifiableCollection$1.next()Ljava/lang/Object; @ 4
Event: 3.513 Thread 0x0000000002950800 Uncommon trap: reason=class_check action=maybe_recompile pc=0x0000000002b212c0 method=java.util.Collections$UnmodifiableCollection$1.next()Ljava/lang/Object; @ 4
Event: 3.719 Thread 0x0000000002950800 Uncommon trap: reason=class_check action=maybe_recompile pc=0x0000000002af4954 method=com.android.dx.rop.type.Type.equals(Ljava/lang/Object;)Z @ 8
Event: 3.982 Thread 0x0000000002950800 Uncommon trap: reason=null_check action=make_not_entrant pc=0x0000000002af4964 method=com.android.dx.rop.type.Type.equals(Ljava/lang/Object;)Z @ 8
Event: 3.986 Thread 0x0000000002950800 Uncommon trap: reason=unreached action=reinterpret pc=0x0000000002b10318 method=com.android.dx.ssa.LocalVariableExtractor.processBlock(I)V @ 251
Event: 4.232 Thread 0x0000000002950800 Uncommon trap: reason=uninitialized action=reinterpret pc=0x0000000002b50024 method=com.android.dx.cf.code.ByteCatchList.toRopCatchList()Lcom/android/dx/rop/type/TypeList; @ 36
Event: 4.232 Thread 0x0000000002950800 Uncommon trap: reason=class_check action=maybe_recompile pc=0x0000000002adcc7c method=com.android.dx.rop.type.Type.equals(Ljava/lang/Object;)Z @ 8
Event: 4.234 Thread 0x0000000002950800 Uncommon trap: reason=class_check action=maybe_recompile pc=0x0000000002adcc7c method=com.android.dx.rop.type.Type.equals(Ljava/lang/Object;)Z @ 8
Event: 4.234 Thread 0x0000000002950800 Uncommon trap: reason=class_check action=maybe_recompile pc=0x0000000002adcc7c method=com.android.dx.rop.type.Type.equals(Ljava/lang/Object;)Z @ 8
Event: 4.240 Thread 0x0000000002950800 Uncommon trap: reason=unreached action=reinterpret pc=0x0000000002b4e938 method=com.android.dx.util.LabeledList.set(ILcom/android/dx/util/LabeledItem;)V @ 16

Internal exceptions (10 events):
Event: 2.742 Thread 0x0000000002950800 Threw 0x00000000ead9aac0 at C:\re\jdk7u79\2331\hotspot\src\share\vm\prims\jvm.cpp:1304
Event: 2.859 Thread 0x0000000002950800 Threw 0x00000000eaf0a6c8 at C:\re\jdk7u79\2331\hotspot\src\share\vm\prims\jvm.cpp:1304
Event: 3.705 Thread 0x0000000002950800 Threw 0x00000000eb5e4a68 at C:\re\jdk7u79\2331\hotspot\src\share\vm\prims\jvm.cpp:1304
Event: 3.706 Thread 0x0000000002950800 Threw 0x00000000eb5e6bd0 at C:\re\jdk7u79\2331\hotspot\src\share\vm\prims\jvm.cpp:1304
Event: 3.706 Thread 0x0000000002950800 Threw 0x00000000eb5e8c88 at C:\re\jdk7u79\2331\hotspot\src\share\vm\prims\jvm.cpp:1304
Event: 3.709 Thread 0x0000000002950800 Threw 0x00000000eb5f8498 at C:\re\jdk7u79\2331\hotspot\src\share\vm\prims\jvm.cpp:1304
Event: 3.712 Thread 0x0000000002950800 Threw 0x00000000eb606340 at C:\re\jdk7u79\2331\hotspot\src\share\vm\prims\jvm.cpp:1304
Event: 3.982 Thread 0x0000000002950800 Implicit null exception at 0x0000000002af4852 to 0x0000000002af4955
Event: 4.232 Thread 0x0000000002950800 Threw 0x00000000eaad14f8 at C:\re\jdk7u79\2331\hotspot\src\share\vm\prims\jvm.cpp:1304
Event: 4.245 Thread 0x0000000002950800 Threw 0x00000000eab2d6a0 at C:\re\jdk7u79\2331\hotspot\src\share\vm\prims\jvm.cpp:1304

Events (10 events):
Event: 4.234 Thread 0x0000000002950800 DEOPT PACKING pc=0x0000000002adcc7c sp=0x000000000294e670
Event: 4.234 Thread 0x0000000002950800 DEOPT UNPACKING pc=0x0000000002a875a4 sp=0x000000000294e5c8 mode 2
Event: 4.234 Thread 0x0000000002950800 Uncommon trap: trap_request=0xffffffde fr.pc=0x0000000002adcc7c
Event: 4.234 Thread 0x0000000002950800 DEOPT PACKING pc=0x0000000002adcc7c sp=0x000000000294e670
Event: 4.234 Thread 0x0000000002950800 DEOPT UNPACKING pc=0x0000000002a875a4 sp=0x000000000294e5c8 mode 2
Event: 4.240 Thread 0x0000000002950800 Uncommon trap: trap_request=0xffffffad fr.pc=0x0000000002b4e938
Event: 4.240 Thread 0x0000000002950800 DEOPT PACKING pc=0x0000000002b4e938 sp=0x000000000294e5c0
Event: 4.240 Thread 0x0000000002950800 DEOPT UNPACKING pc=0x0000000002a875a4 sp=0x000000000294e580 mode 2
Event: 4.245 loading class 0x000000000a2d44e0
Event: 4.245 loading class 0x000000000a2d44e0 done


Dynamic libraries:
0x00007ff75da60000 - 0x00007ff75da93000 	C:\Program Files\Java\jdk1.7.0_79\bin\java.exe
0x00007ff8a3200000 - 0x00007ff8a33aa000 	C:\Windows\SYSTEM32\ntdll.dll
0x00007ff8a0cb0000 - 0x00007ff8a0dea000 	C:\Windows\system32\KERNEL32.DLL
0x00007ff8a0640000 - 0x00007ff8a0750000 	C:\Windows\system32\KERNELBASE.dll
0x00007ff89ef50000 - 0x00007ff89efd8000 	C:\Windows\system32\apphelp.dll
0x00007ff8970d0000 - 0x00007ff89711f000 	C:\Windows\AppPatch\AppPatch64\AcGenral.DLL
0x00007ff8a2960000 - 0x00007ff8a2a07000 	C:\Windows\system32\msvcrt.dll
0x00007ff8a0350000 - 0x00007ff8a037b000 	C:\Windows\SYSTEM32\SspiCli.dll
0x00007ff8a2690000 - 0x00007ff8a26e1000 	C:\Windows\system32\SHLWAPI.dll
0x00007ff8a3020000 - 0x00007ff8a3191000 	C:\Windows\system32\USER32.dll
0x00007ff8a0e60000 - 0x00007ff8a0fd8000 	C:\Windows\system32\ole32.dll
0x00007ff8a0fe0000 - 0x00007ff8a23f7000 	C:\Windows\system32\SHELL32.dll
0x00007ff89fb30000 - 0x00007ff89fb4f000 	C:\Windows\SYSTEM32\USERENV.dll
0x00007ff8a2a10000 - 0x00007ff8a2ab5000 	C:\Windows\system32\ADVAPI32.dll
0x00007ff898450000 - 0x00007ff89846b000 	C:\Windows\SYSTEM32\MPR.dll
0x00007ff8a0a80000 - 0x00007ff8a0bb6000 	C:\Windows\system32\RPCRT4.dll
0x00007ff8a0df0000 - 0x00007ff8a0e47000 	C:\Windows\SYSTEM32\sechost.dll
0x00007ff8a2b70000 - 0x00007ff8a2d46000 	C:\Windows\SYSTEM32\combase.dll
0x00007ff8a2540000 - 0x00007ff8a2685000 	C:\Windows\system32\GDI32.dll
0x00007ff8a0570000 - 0x00007ff8a0584000 	C:\Windows\SYSTEM32\profapi.dll
0x00007ff89de90000 - 0x00007ff89df2f000 	C:\Windows\SYSTEM32\SHCORE.dll
0x00007ff8a0bc0000 - 0x00007ff8a0bf4000 	C:\Windows\system32\IMM32.DLL
0x00007ff8a2400000 - 0x00007ff8a2539000 	C:\Windows\system32\MSCTF.dll
0x00007ff89c420000 - 0x00007ff89c67a000 	C:\Windows\WinSxS\amd64_microsoft.windows.common-controls_6595b64144ccf1df_6.0.9600.17031_none_6242a4b3ecbb55a1\COMCTL32.dll
0x0000000068040000 - 0x0000000068112000 	C:\Program Files\Java\jdk1.7.0_79\jre\bin\msvcr100.dll
0x0000000068650000 - 0x0000000068e25000 	C:\Program Files\Java\jdk1.7.0_79\jre\bin\server\jvm.dll
0x00007ff89aa30000 - 0x00007ff89aa39000 	C:\Windows\SYSTEM32\WSOCK32.dll
0x00007ff89d120000 - 0x00007ff89d13f000 	C:\Windows\SYSTEM32\WINMM.dll
0x00007ff8a2750000 - 0x00007ff8a2757000 	C:\Windows\system32\PSAPI.DLL
0x00007ff8a2900000 - 0x00007ff8a2958000 	C:\Windows\system32\WS2_32.dll
0x00007ff89cf60000 - 0x00007ff89cf8a000 	C:\Windows\SYSTEM32\WINMMBASE.dll
0x00007ff8a2ac0000 - 0x00007ff8a2ac9000 	C:\Windows\system32\NSI.dll
0x00007ff8a0a30000 - 0x00007ff8a0a7a000 	C:\Windows\SYSTEM32\cfgmgr32.dll
0x00007ff89f3c0000 - 0x00007ff89f3e6000 	C:\Windows\SYSTEM32\DEVOBJ.dll
0x0000000068640000 - 0x000000006864f000 	C:\Program Files\Java\jdk1.7.0_79\jre\bin\verify.dll
0x0000000068610000 - 0x0000000068638000 	C:\Program Files\Java\jdk1.7.0_79\jre\bin\java.dll
0x00000000685f0000 - 0x0000000068605000 	C:\Program Files\Java\jdk1.7.0_79\jre\bin\zip.dll
0x00000000685d0000 - 0x00000000685ea000 	C:\Program Files\Java\jdk1.7.0_79\jre\bin\net.dll
0x00007ff89fd80000 - 0x00007ff89fdd8000 	C:\Windows\system32\mswsock.dll
0x00000000685b0000 - 0x00000000685c1000 	C:\Program Files\Java\jdk1.7.0_79\jre\bin\nio.dll

VM Arguments:
jvm_args: -Djava.awt.headless=true -Xmx1024M -Dfile.encoding=windows-1256 -Duser.country=GB -Duser.language=en -Duser.variant 
java_command: com.android.dx.command.Main --dex --output E:\AndroidStudioProjects\pro_phase1\app\build\intermediates\pre-dexed\debug\com.android.support-support-v4-21.0.3_50d6738e9732533664e8b39214c2129134a2a89e.jar E:\AndroidStudioProjects\pro_phase1\app\build\intermediates\exploded-aar\com.android.support\support-v4\21.0.3\jars\classes.jar
Launcher Type: SUN_STANDARD

Environment Variables:
PATH=C:\Program Files\Dell\DW WLAN Card;;C:\ORACLEXE\APP\ORACLE\PRODUCT\11.2.0\SERVER\BIN;C:\PROGRAM FILES (X86)\INTEL\ICLS CLIENT\;C:\PROGRAM FILES\INTEL\ICLS CLIENT\;C:\Windows\SYSTEM32;C:\Windows;C:\Windows\SYSTEM32\WBEM;C:\Windows\SYSTEM32\WINDOWSPOWERSHELL\V1.0\;C:\PROGRAM FILES\INTEL\INTEL(R) MANAGEMENT ENGINE COMPONENTS\DAL;C:\PROGRAM FILES\INTEL\INTEL(R) MANAGEMENT ENGINE COMPONENTS\IPT;C:\PROGRAM FILES (X86)\INTEL\INTEL(R) MANAGEMENT ENGINE COMPONENTS\DAL;C:\PROGRAM FILES (X86)\INTEL\INTEL(R) MANAGEMENT ENGINE COMPONENTS\IPT;C:\PROGRAM FILES (X86)\ATI TECHNOLOGIES\ATI.ACE\CORE-STATIC;C:\Program Files\WIDCOMM\Bluetooth Software\;C:\Program Files\WIDCOMM\Bluetooth Software\syswow64
USERNAME=Omar
OS=Windows_NT
PROCESSOR_IDENTIFIER=Intel64 Family 6 Model 69 Stepping 1, GenuineIntel



---------------  S Y S T E M  ---------------

OS: Windows 8.1 , 64 bit Build 9600 

CPU:total 4 (2 cores per cpu, 2 threads per core) family 6 model 69 stepping 1, cmov, cx8, fxsr, mmx, sse, sse2, sse3, ssse3, sse4.1, sse4.2, popcnt, avx, avx2, aes, erms, ht, tsc, tscinvbit

Memory: 4k page, physical 4079984k(261136k free), swap 7225712k(5812k free)

vm_info: Java HotSpot(TM) 64-Bit Server VM (24.79-b02) for windows-amd64 JRE (1.7.0_79-b15), built on Apr 10 2015 12:36:16 by "java_re" with unknown MS VC++:1600

time: Fri Apr 22 17:06:10 2016
elapsed time: 4 seconds

